2020/10/09 17:01:57 [error] [php] Trying to get property 'razonSocial' of non-object (C:\xampp\htdocs\archiweb\protected\framework\base\CComponent.php(614) : eval()'d code:1)
Stack trace:
#0 C:\xampp\htdocs\archiweb\protected\framework\zii\widgets\grid\CGridColumn.php(231): TbDataColumn->getDataCellContent()
#1 C:\xampp\htdocs\archiweb\protected\framework\zii\widgets\grid\CGridColumn.php(154): TbDataColumn->renderDataCellContent()
#2 C:\xampp\htdocs\archiweb\protected\framework\zii\widgets\grid\CGridView.php(639): TbDataColumn->renderDataCell()
#3 C:\xampp\htdocs\archiweb\protected\framework\zii\widgets\grid\CGridView.php(623): TbGridView->renderDataCell()
#4 C:\xampp\htdocs\archiweb\protected\framework\zii\widgets\grid\CGridView.php(579): TbGridView->renderTableRow()
#5 C:\xampp\htdocs\archiweb\protected\framework\zii\widgets\grid\CGridView.php(489): TbGridView->renderTableBody()
#6 C:\xampp\htdocs\archiweb\protected\framework\zii\widgets\CBaseListView.php(181): TbGridView->renderItems()
#7 unknown(0): TbGridView->renderSection()
#8 C:\xampp\htdocs\archiweb\protected\framework\zii\widgets\CBaseListView.php(164): preg_replace_callback()
#9 C:\xampp\htdocs\archiweb\protected\framework\zii\widgets\CBaseListView.php(149): TbGridView->renderContent()
#10 C:\xampp\htdocs\archiweb\protected\framework\web\CBaseController.php(182): TbGridView->run()
#11 C:\xampp\htdocs\archiweb\protected\views\descargas\admin.php(139): DescargasController->widget()
#12 C:\xampp\htdocs\archiweb\protected\framework\web\CBaseController.php(126): require()
#13 C:\xampp\htdocs\archiweb\protected\framework\web\CBaseController.php(95): DescargasController->renderInternal()
#14 C:\xampp\htdocs\archiweb\protected\framework\web\CController.php(872): DescargasController->renderFile()
#15 C:\xampp\htdocs\archiweb\protected\framework\web\CController.php(785): DescargasController->renderPartial()
#16 C:\xampp\htdocs\archiweb\protected\controllers\DescargasController.php(291): DescargasController->render()
#17 C:\xampp\htdocs\archiweb\protected\framework\web\actions\CInlineAction.php(49): DescargasController->actionAdmin()
#18 C:\xampp\htdocs\archiweb\protected\framework\web\CController.php(308): CInlineAction->runWithParams()
#19 C:\xampp\htdocs\archiweb\protected\framework\web\filters\CFilterChain.php(134): DescargasController->runAction()
#20 C:\xampp\htdocs\archiweb\protected\framework\web\filters\CFilter.php(40): CFilterChain->run()
#21 C:\xampp\htdocs\archiweb\protected\framework\web\CController.php(1148): CAccessControlFilter->filter()
#22 C:\xampp\htdocs\archiweb\protected\framework\web\filters\CInlineFilter.php(58): DescargasController->filterAccessControl()
#23 C:\xampp\htdocs\archiweb\protected\framework\web\filters\CFilterChain.php(131): CInlineFilter->filter()
#24 C:\xampp\htdocs\archiweb\protected\framework\web\CController.php(291): CFilterChain->run()
#25 C:\xampp\htdocs\archiweb\protected\framework\web\CController.php(265): DescargasController->runActionWithFilters()
#26 C:\xampp\htdocs\archiweb\protected\framework\web\CWebApplication.php(282): DescargasController->run()
#27 C:\xampp\htdocs\archiweb\protected\framework\web\CWebApplication.php(141): CWebApplication->runController()
#28 C:\xampp\htdocs\archiweb\protected\framework\base\CApplication.php(185): CWebApplication->processRequest()
#29 C:\xampp\htdocs\archiweb\index.php(25): CWebApplication->run()
REQUEST_URI=/archiweb/index.php/descargas/admin
in C:\xampp\htdocs\archiweb\protected\views\descargas\admin.php (139)
in C:\xampp\htdocs\archiweb\protected\controllers\DescargasController.php (291)
in C:\xampp\htdocs\archiweb\index.php (25)
2020/10/09 20:42:11 [error] [php] Undefined offset: 19 (C:\xampp\htdocs\archiweb\archiweb\protected\models\Producto.php:159)
Stack trace:
#0 C:\xampp\htdocs\archiweb\archiweb\protected\framework\web\CController.php(308): CInlineAction->runWithParams()
#1 C:\xampp\htdocs\archiweb\archiweb\protected\framework\web\filters\CFilterChain.php(134): ProductoController->runAction()
#2 C:\xampp\htdocs\archiweb\archiweb\protected\framework\web\filters\CFilter.php(40): CFilterChain->run()
#3 C:\xampp\htdocs\archiweb\archiweb\protected\framework\web\CController.php(1148): CAccessControlFilter->filter()
#4 C:\xampp\htdocs\archiweb\archiweb\protected\framework\web\filters\CInlineFilter.php(58): ProductoController->filterAccessControl()
#5 C:\xampp\htdocs\archiweb\archiweb\protected\framework\web\filters\CFilterChain.php(131): CInlineFilter->filter()
#6 C:\xampp\htdocs\archiweb\archiweb\protected\framework\web\CController.php(291): CFilterChain->run()
#7 C:\xampp\htdocs\archiweb\archiweb\protected\framework\web\CController.php(265): ProductoController->runActionWithFilters()
#8 C:\xampp\htdocs\archiweb\archiweb\protected\framework\web\CWebApplication.php(282): ProductoController->run()
#9 C:\xampp\htdocs\archiweb\archiweb\protected\framework\web\CWebApplication.php(141): CWebApplication->runController()
#10 C:\xampp\htdocs\archiweb\archiweb\protected\framework\base\CApplication.php(185): CWebApplication->processRequest()
#11 C:\xampp\htdocs\archiweb\archiweb\index.php(25): CWebApplication->run()
REQUEST_URI=/archiweb/archiweb/index.php/producto/calidadesPorProducto
in C:\xampp\htdocs\archiweb\archiweb\protected\models\Producto.php (159)
in C:\xampp\htdocs\archiweb\archiweb\protected\controllers\ProductoController.php (175)
in C:\xampp\htdocs\archiweb\archiweb\index.php (25)
2020/10/09 20:45:06 [error] [php] Cannot modify header information - headers already sent by (output started at C:\xampp\htdocs\archiweb\archiweb\protected\framework\web\CHttpRequest.php:1197) (C:\xampp\htdocs\archiweb\archiweb\protected\framework\web\CHttpRequest.php:1173)
Stack trace:
#0 C:\xampp\htdocs\archiweb\archiweb\protected\framework\web\actions\CInlineAction.php(49): DescargasController->actionAdmin()
#1 C:\xampp\htdocs\archiweb\archiweb\protected\framework\web\CController.php(308): CInlineAction->runWithParams()
#2 C:\xampp\htdocs\archiweb\archiweb\protected\framework\web\filters\CFilterChain.php(134): DescargasController->runAction()
#3 C:\xampp\htdocs\archiweb\archiweb\protected\framework\web\filters\CFilter.php(40): CFilterChain->run()
#4 C:\xampp\htdocs\archiweb\archiweb\protected\framework\web\CController.php(1148): CAccessControlFilter->filter()
#5 C:\xampp\htdocs\archiweb\archiweb\protected\framework\web\filters\CInlineFilter.php(58): DescargasController->filterAccessControl()
#6 C:\xampp\htdocs\archiweb\archiweb\protected\framework\web\filters\CFilterChain.php(131): CInlineFilter->filter()
#7 C:\xampp\htdocs\archiweb\archiweb\protected\framework\web\CController.php(291): CFilterChain->run()
#8 C:\xampp\htdocs\archiweb\archiweb\protected\framework\web\CController.php(265): DescargasController->runActionWithFilters()
#9 C:\xampp\htdocs\archiweb\archiweb\protected\framework\web\CWebApplication.php(282): DescargasController->run()
#10 C:\xampp\htdocs\archiweb\archiweb\protected\framework\web\CWebApplication.php(141): CWebApplication->runController()
#11 C:\xampp\htdocs\archiweb\archiweb\protected\framework\base\CApplication.php(185): CWebApplication->processRequest()
#12 C:\xampp\htdocs\archiweb\archiweb\index.php(25): CWebApplication->run()
REQUEST_URI=/archiweb/archiweb/index.php/descargas/admin?export=csv
in C:\xampp\htdocs\archiweb\archiweb\protected\controllers\DescargasController.php (271)
in C:\xampp\htdocs\archiweb\archiweb\index.php (25)
2020/10/09 20:48:40 [error] [php] Undefined offset: 19 (C:\xampp\htdocs\archiweb\archiweb\protected\models\Producto.php:159)
Stack trace:
#0 C:\xampp\htdocs\archiweb\archiweb\protected\framework\web\CController.php(308): CInlineAction->runWithParams()
#1 C:\xampp\htdocs\archiweb\archiweb\protected\framework\web\filters\CFilterChain.php(134): ProductoController->runAction()
#2 C:\xampp\htdocs\archiweb\archiweb\protected\framework\web\filters\CFilter.php(40): CFilterChain->run()
#3 C:\xampp\htdocs\archiweb\archiweb\protected\framework\web\CController.php(1148): CAccessControlFilter->filter()
#4 C:\xampp\htdocs\archiweb\archiweb\protected\framework\web\filters\CInlineFilter.php(58): ProductoController->filterAccessControl()
#5 C:\xampp\htdocs\archiweb\archiweb\protected\framework\web\filters\CFilterChain.php(131): CInlineFilter->filter()
#6 C:\xampp\htdocs\archiweb\archiweb\protected\framework\web\CController.php(291): CFilterChain->run()
#7 C:\xampp\htdocs\archiweb\archiweb\protected\framework\web\CController.php(265): ProductoController->runActionWithFilters()
#8 C:\xampp\htdocs\archiweb\archiweb\protected\framework\web\CWebApplication.php(282): ProductoController->run()
#9 C:\xampp\htdocs\archiweb\archiweb\protected\framework\web\CWebApplication.php(141): CWebApplication->runController()
#10 C:\xampp\htdocs\archiweb\archiweb\protected\framework\base\CApplication.php(185): CWebApplication->processRequest()
#11 C:\xampp\htdocs\archiweb\archiweb\index.php(25): CWebApplication->run()
REQUEST_URI=/archiweb/archiweb/index.php/producto/calidadesPorProducto
in C:\xampp\htdocs\archiweb\archiweb\protected\models\Producto.php (159)
in C:\xampp\htdocs\archiweb\archiweb\protected\controllers\ProductoController.php (175)
in C:\xampp\htdocs\archiweb\archiweb\index.php (25)
2020/10/09 20:54:43 [error] [php] Cannot modify header information - headers already sent by (output started at C:\xampp\htdocs\archiweb\archiweb\protected\framework\web\CHttpRequest.php:1197) (C:\xampp\htdocs\archiweb\archiweb\protected\framework\web\CHttpRequest.php:1173)
Stack trace:
#0 C:\xampp\htdocs\archiweb\archiweb\protected\framework\web\actions\CInlineAction.php(49): DescargasController->actionAdmin()
#1 C:\xampp\htdocs\archiweb\archiweb\protected\framework\web\CController.php(308): CInlineAction->runWithParams()
#2 C:\xampp\htdocs\archiweb\archiweb\protected\framework\web\filters\CFilterChain.php(134): DescargasController->runAction()
#3 C:\xampp\htdocs\archiweb\archiweb\protected\framework\web\filters\CFilter.php(40): CFilterChain->run()
#4 C:\xampp\htdocs\archiweb\archiweb\protected\framework\web\CController.php(1148): CAccessControlFilter->filter()
#5 C:\xampp\htdocs\archiweb\archiweb\protected\framework\web\filters\CInlineFilter.php(58): DescargasController->filterAccessControl()
#6 C:\xampp\htdocs\archiweb\archiweb\protected\framework\web\filters\CFilterChain.php(131): CInlineFilter->filter()
#7 C:\xampp\htdocs\archiweb\archiweb\protected\framework\web\CController.php(291): CFilterChain->run()
#8 C:\xampp\htdocs\archiweb\archiweb\protected\framework\web\CController.php(265): DescargasController->runActionWithFilters()
#9 C:\xampp\htdocs\archiweb\archiweb\protected\framework\web\CWebApplication.php(282): DescargasController->run()
#10 C:\xampp\htdocs\archiweb\archiweb\protected\framework\web\CWebApplication.php(141): CWebApplication->runController()
#11 C:\xampp\htdocs\archiweb\archiweb\protected\framework\base\CApplication.php(185): CWebApplication->processRequest()
#12 C:\xampp\htdocs\archiweb\archiweb\index.php(25): CWebApplication->run()
REQUEST_URI=/archiweb/archiweb/index.php/descargas/admin?export=csv
in C:\xampp\htdocs\archiweb\archiweb\protected\controllers\DescargasController.php (271)
in C:\xampp\htdocs\archiweb\archiweb\index.php (25)
2020/10/09 20:57:11 [warning] [application] Error al establecer unsafe al atributo "list-emp-json" de "Usuario".
in C:\xampp\htdocs\archiweb\archiweb\protected\controllers\UsuarioController.php (80)
in C:\xampp\htdocs\archiweb\archiweb\index.php (25)
2020/10/09 21:00:24 [error] [php] Cannot modify header information - headers already sent by (output started at C:\xampp\htdocs\archiweb\archiweb\protected\framework\web\CHttpRequest.php:1197) (C:\xampp\htdocs\archiweb\archiweb\protected\framework\web\CHttpRequest.php:1173)
Stack trace:
#0 C:\xampp\htdocs\archiweb\archiweb\protected\framework\web\actions\CInlineAction.php(49): DescargasController->actionAdmin()
#1 C:\xampp\htdocs\archiweb\archiweb\protected\framework\web\CController.php(308): CInlineAction->runWithParams()
#2 C:\xampp\htdocs\archiweb\archiweb\protected\framework\web\filters\CFilterChain.php(134): DescargasController->runAction()
#3 C:\xampp\htdocs\archiweb\archiweb\protected\framework\web\filters\CFilter.php(40): CFilterChain->run()
#4 C:\xampp\htdocs\archiweb\archiweb\protected\framework\web\CController.php(1148): CAccessControlFilter->filter()
#5 C:\xampp\htdocs\archiweb\archiweb\protected\framework\web\filters\CInlineFilter.php(58): DescargasController->filterAccessControl()
#6 C:\xampp\htdocs\archiweb\archiweb\protected\framework\web\filters\CFilterChain.php(131): CInlineFilter->filter()
#7 C:\xampp\htdocs\archiweb\archiweb\protected\framework\web\CController.php(291): CFilterChain->run()
#8 C:\xampp\htdocs\archiweb\archiweb\protected\framework\web\CController.php(265): DescargasController->runActionWithFilters()
#9 C:\xampp\htdocs\archiweb\archiweb\protected\framework\web\CWebApplication.php(282): DescargasController->run()
#10 C:\xampp\htdocs\archiweb\archiweb\protected\framework\web\CWebApplication.php(141): CWebApplication->runController()
#11 C:\xampp\htdocs\archiweb\archiweb\protected\framework\base\CApplication.php(185): CWebApplication->processRequest()
#12 C:\xampp\htdocs\archiweb\archiweb\index.php(25): CWebApplication->run()
REQUEST_URI=/archiweb/archiweb/index.php/descargas/admin?export=csv
in C:\xampp\htdocs\archiweb\archiweb\protected\controllers\DescargasController.php (271)
in C:\xampp\htdocs\archiweb\archiweb\index.php (25)
2020/10/09 21:05:29 [error] [exception.CHttpException.403] CHttpException: Usted no se encuentra autorizado a realizar esta acción. in C:\xampp\htdocs\archiweb\archiweb\protected\framework\web\auth\CAccessControlFilter.php:183
Stack trace:
#0 C:\xampp\htdocs\archiweb\archiweb\protected\framework\web\auth\CAccessControlFilter.php(145): CAccessControlFilter->accessDenied(Object(CWebUser), 'Usted no se enc...')
#1 C:\xampp\htdocs\archiweb\archiweb\protected\framework\web\filters\CFilter.php(38): CAccessControlFilter->preFilter(Object(CFilterChain))
#2 C:\xampp\htdocs\archiweb\archiweb\protected\framework\web\CController.php(1148): CFilter->filter(Object(CFilterChain))
#3 C:\xampp\htdocs\archiweb\archiweb\protected\framework\web\filters\CInlineFilter.php(58): CController->filterAccessControl(Object(CFilterChain))
#4 C:\xampp\htdocs\archiweb\archiweb\protected\framework\web\filters\CFilterChain.php(131): CInlineFilter->filter(Object(CFilterChain))
#5 C:\xampp\htdocs\archiweb\archiweb\protected\framework\web\CController.php(291): CFilterChain->run()
#6 C:\xampp\htdocs\archiweb\archiweb\protected\framework\web\CController.php(265): CController->runActionWithFilters(Object(CInlineAction), Array)
#7 C:\xampp\htdocs\archiweb\archiweb\protected\framework\web\CWebApplication.php(282): CController->run('update')
#8 C:\xampp\htdocs\archiweb\archiweb\protected\framework\web\CWebApplication.php(141): CWebApplication->runController('descargas/updat...')
#9 C:\xampp\htdocs\archiweb\archiweb\protected\framework\base\CApplication.php(185): CWebApplication->processRequest()
#10 C:\xampp\htdocs\archiweb\archiweb\index.php(25): CApplication->run()
#11 {main}
REQUEST_URI=/archiweb/archiweb/index.php/descargas/update/112
HTTP_REFERER=http://localhost/archiweb/archiweb/index.php/descargas/admin
---
2020/10/09 21:05:41 [error] [exception.CHttpException.403] CHttpException: Usted no se encuentra autorizado a realizar esta acción. in C:\xampp\htdocs\archiweb\archiweb\protected\framework\web\auth\CAccessControlFilter.php:183
Stack trace:
#0 C:\xampp\htdocs\archiweb\archiweb\protected\framework\web\auth\CAccessControlFilter.php(145): CAccessControlFilter->accessDenied(Object(CWebUser), 'Usted no se enc...')
#1 C:\xampp\htdocs\archiweb\archiweb\protected\framework\web\filters\CFilter.php(38): CAccessControlFilter->preFilter(Object(CFilterChain))
#2 C:\xampp\htdocs\archiweb\archiweb\protected\framework\web\CController.php(1148): CFilter->filter(Object(CFilterChain))
#3 C:\xampp\htdocs\archiweb\archiweb\protected\framework\web\filters\CInlineFilter.php(58): CController->filterAccessControl(Object(CFilterChain))
#4 C:\xampp\htdocs\archiweb\archiweb\protected\framework\web\filters\CFilterChain.php(131): CInlineFilter->filter(Object(CFilterChain))
#5 C:\xampp\htdocs\archiweb\archiweb\protected\framework\web\CController.php(291): CFilterChain->run()
#6 C:\xampp\htdocs\archiweb\archiweb\protected\framework\web\CController.php(265): CController->runActionWithFilters(Object(CInlineAction), Array)
#7 C:\xampp\htdocs\archiweb\archiweb\protected\framework\web\CWebApplication.php(282): CController->run('delete')
#8 C:\xampp\htdocs\archiweb\archiweb\protected\framework\web\CWebApplication.php(141): CWebApplication->runController('descargas/delet...')
#9 C:\xampp\htdocs\archiweb\archiweb\protected\framework\base\CApplication.php(185): CWebApplication->processRequest()
#10 C:\xampp\htdocs\archiweb\archiweb\index.php(25): CApplication->run()
#11 {main}
REQUEST_URI=/archiweb/archiweb/index.php/descargas/delete/119?ajax=descargas-grid
HTTP_REFERER=http://localhost/archiweb/archiweb/index.php/descargas/admin
---
2020/10/09 21:05:58 [error] [php] Cannot modify header information - headers already sent by (output started at C:\xampp\htdocs\archiweb\archiweb\protected\framework\web\CHttpRequest.php:1197) (C:\xampp\htdocs\archiweb\archiweb\protected\framework\web\CHttpRequest.php:1173)
Stack trace:
#0 C:\xampp\htdocs\archiweb\archiweb\protected\framework\web\actions\CInlineAction.php(49): DescargasController->actionAdmin()
#1 C:\xampp\htdocs\archiweb\archiweb\protected\framework\web\CController.php(308): CInlineAction->runWithParams()
#2 C:\xampp\htdocs\archiweb\archiweb\protected\framework\web\filters\CFilterChain.php(134): DescargasController->runAction()
#3 C:\xampp\htdocs\archiweb\archiweb\protected\framework\web\filters\CFilter.php(40): CFilterChain->run()
#4 C:\xampp\htdocs\archiweb\archiweb\protected\framework\web\CController.php(1148): CAccessControlFilter->filter()
#5 C:\xampp\htdocs\archiweb\archiweb\protected\framework\web\filters\CInlineFilter.php(58): DescargasController->filterAccessControl()
#6 C:\xampp\htdocs\archiweb\archiweb\protected\framework\web\filters\CFilterChain.php(131): CInlineFilter->filter()
#7 C:\xampp\htdocs\archiweb\archiweb\protected\framework\web\CController.php(291): CFilterChain->run()
#8 C:\xampp\htdocs\archiweb\archiweb\protected\framework\web\CController.php(265): DescargasController->runActionWithFilters()
#9 C:\xampp\htdocs\archiweb\archiweb\protected\framework\web\CWebApplication.php(282): DescargasController->run()
#10 C:\xampp\htdocs\archiweb\archiweb\protected\framework\web\CWebApplication.php(141): CWebApplication->runController()
#11 C:\xampp\htdocs\archiweb\archiweb\protected\framework\base\CApplication.php(185): CWebApplication->processRequest()
#12 C:\xampp\htdocs\archiweb\archiweb\index.php(25): CWebApplication->run()
REQUEST_URI=/archiweb/archiweb/index.php/descargas/admin?export=csv
in C:\xampp\htdocs\archiweb\archiweb\protected\controllers\DescargasController.php (271)
in C:\xampp\htdocs\archiweb\archiweb\index.php (25)
2020/10/09 21:12:20 [error] [php] Cannot modify header information - headers already sent by (output started at C:\xampp\htdocs\archiweb\archiweb\protected\framework\web\CHttpRequest.php:1197) (C:\xampp\htdocs\archiweb\archiweb\protected\framework\web\CHttpRequest.php:1173)
Stack trace:
#0 C:\xampp\htdocs\archiweb\archiweb\protected\framework\web\actions\CInlineAction.php(49): DescargasController->actionAdmin()
#1 C:\xampp\htdocs\archiweb\archiweb\protected\framework\web\CController.php(308): CInlineAction->runWithParams()
#2 C:\xampp\htdocs\archiweb\archiweb\protected\framework\web\filters\CFilterChain.php(134): DescargasController->runAction()
#3 C:\xampp\htdocs\archiweb\archiweb\protected\framework\web\filters\CFilter.php(40): CFilterChain->run()
#4 C:\xampp\htdocs\archiweb\archiweb\protected\framework\web\CController.php(1148): CAccessControlFilter->filter()
#5 C:\xampp\htdocs\archiweb\archiweb\protected\framework\web\filters\CInlineFilter.php(58): DescargasController->filterAccessControl()
#6 C:\xampp\htdocs\archiweb\archiweb\protected\framework\web\filters\CFilterChain.php(131): CInlineFilter->filter()
#7 C:\xampp\htdocs\archiweb\archiweb\protected\framework\web\CController.php(291): CFilterChain->run()
#8 C:\xampp\htdocs\archiweb\archiweb\protected\framework\web\CController.php(265): DescargasController->runActionWithFilters()
#9 C:\xampp\htdocs\archiweb\archiweb\protected\framework\web\CWebApplication.php(282): DescargasController->run()
#10 C:\xampp\htdocs\archiweb\archiweb\protected\framework\web\CWebApplication.php(141): CWebApplication->runController()
#11 C:\xampp\htdocs\archiweb\archiweb\protected\framework\base\CApplication.php(185): CWebApplication->processRequest()
#12 C:\xampp\htdocs\archiweb\archiweb\index.php(25): CWebApplication->run()
REQUEST_URI=/archiweb/archiweb/index.php/descargas/admin?export=csv
in C:\xampp\htdocs\archiweb\archiweb\protected\controllers\DescargasController.php (271)
in C:\xampp\htdocs\archiweb\archiweb\index.php (25)
2020/10/09 21:13:57 [error] [php] Cannot modify header information - headers already sent by (output started at C:\xampp\htdocs\archiweb\archiweb\protected\framework\web\CHttpRequest.php:1197) (C:\xampp\htdocs\archiweb\archiweb\protected\framework\web\CHttpRequest.php:1173)
Stack trace:
#0 C:\xampp\htdocs\archiweb\archiweb\protected\framework\web\actions\CInlineAction.php(49): DescargasController->actionAdmin()
#1 C:\xampp\htdocs\archiweb\archiweb\protected\framework\web\CController.php(308): CInlineAction->runWithParams()
#2 C:\xampp\htdocs\archiweb\archiweb\protected\framework\web\filters\CFilterChain.php(134): DescargasController->runAction()
#3 C:\xampp\htdocs\archiweb\archiweb\protected\framework\web\filters\CFilter.php(40): CFilterChain->run()
#4 C:\xampp\htdocs\archiweb\archiweb\protected\framework\web\CController.php(1148): CAccessControlFilter->filter()
#5 C:\xampp\htdocs\archiweb\archiweb\protected\framework\web\filters\CInlineFilter.php(58): DescargasController->filterAccessControl()
#6 C:\xampp\htdocs\archiweb\archiweb\protected\framework\web\filters\CFilterChain.php(131): CInlineFilter->filter()
#7 C:\xampp\htdocs\archiweb\archiweb\protected\framework\web\CController.php(291): CFilterChain->run()
#8 C:\xampp\htdocs\archiweb\archiweb\protected\framework\web\CController.php(265): DescargasController->runActionWithFilters()
#9 C:\xampp\htdocs\archiweb\archiweb\protected\framework\web\CWebApplication.php(282): DescargasController->run()
#10 C:\xampp\htdocs\archiweb\archiweb\protected\framework\web\CWebApplication.php(141): CWebApplication->runController()
#11 C:\xampp\htdocs\archiweb\archiweb\protected\framework\base\CApplication.php(185): CWebApplication->processRequest()
#12 C:\xampp\htdocs\archiweb\archiweb\index.php(25): CWebApplication->run()
REQUEST_URI=/archiweb/archiweb/index.php/descargas/admin?export=csv
in C:\xampp\htdocs\archiweb\archiweb\protected\controllers\DescargasController.php (271)
in C:\xampp\htdocs\archiweb\archiweb\index.php (25)
2020/10/09 21:53:56 [error] [exception.CHttpException.403] CHttpException: Usted no se encuentra autorizado a realizar esta acción. in C:\xampp\htdocs\archiweb\archiweb\protected\framework\web\auth\CAccessControlFilter.php:183
Stack trace:
#0 C:\xampp\htdocs\archiweb\archiweb\protected\framework\web\auth\CAccessControlFilter.php(145): CAccessControlFilter->accessDenied(Object(CWebUser), 'Usted no se enc...')
#1 C:\xampp\htdocs\archiweb\archiweb\protected\framework\web\filters\CFilter.php(38): CAccessControlFilter->preFilter(Object(CFilterChain))
#2 C:\xampp\htdocs\archiweb\archiweb\protected\framework\web\CController.php(1148): CFilter->filter(Object(CFilterChain))
#3 C:\xampp\htdocs\archiweb\archiweb\protected\framework\web\filters\CInlineFilter.php(58): CController->filterAccessControl(Object(CFilterChain))
#4 C:\xampp\htdocs\archiweb\archiweb\protected\framework\web\filters\CFilterChain.php(131): CInlineFilter->filter(Object(CFilterChain))
#5 C:\xampp\htdocs\archiweb\archiweb\protected\framework\web\CController.php(291): CFilterChain->run()
#6 C:\xampp\htdocs\archiweb\archiweb\protected\framework\web\CController.php(265): CController->runActionWithFilters(Object(CInlineAction), Array)
#7 C:\xampp\htdocs\archiweb\archiweb\protected\framework\web\CWebApplication.php(282): CController->run('delete')
#8 C:\xampp\htdocs\archiweb\archiweb\protected\framework\web\CWebApplication.php(141): CWebApplication->runController('producto/delete')
#9 C:\xampp\htdocs\archiweb\archiweb\protected\framework\base\CApplication.php(185): CWebApplication->processRequest()
#10 C:\xampp\htdocs\archiweb\archiweb\index.php(25): CApplication->run()
#11 {main}
REQUEST_URI=/archiweb/archiweb/index.php/producto/delete/23?ajax=producto-grid
HTTP_REFERER=http://localhost/archiweb/archiweb/index.php/producto/admin
---
2020/10/09 21:54:32 [error] [php] include(Cedulon.php): failed to open stream: No such file or directory (C:\xampp\htdocs\archiweb\archiweb\protected\framework\YiiBase.php:463)
Stack trace:
#0 C:\xampp\htdocs\archiweb\archiweb\protected\controllers\AdministradorController.php(121): spl_autoload_call()
#1 C:\xampp\htdocs\archiweb\archiweb\protected\framework\web\actions\CInlineAction.php(49): AdministradorController->actionAdmin()
#2 C:\xampp\htdocs\archiweb\archiweb\protected\framework\web\CController.php(308): CInlineAction->runWithParams()
#3 C:\xampp\htdocs\archiweb\archiweb\protected\framework\web\filters\CFilterChain.php(134): AdministradorController->runAction()
#4 C:\xampp\htdocs\archiweb\archiweb\protected\framework\web\filters\CFilter.php(40): CFilterChain->run()
#5 C:\xampp\htdocs\archiweb\archiweb\protected\framework\web\CController.php(1148): CAccessControlFilter->filter()
#6 C:\xampp\htdocs\archiweb\archiweb\protected\framework\web\filters\CInlineFilter.php(58): AdministradorController->filterAccessControl()
#7 C:\xampp\htdocs\archiweb\archiweb\protected\framework\web\filters\CFilterChain.php(131): CInlineFilter->filter()
#8 C:\xampp\htdocs\archiweb\archiweb\protected\framework\web\CController.php(291): CFilterChain->run()
#9 C:\xampp\htdocs\archiweb\archiweb\protected\framework\web\CController.php(265): AdministradorController->runActionWithFilters()
#10 C:\xampp\htdocs\archiweb\archiweb\protected\framework\web\CWebApplication.php(282): AdministradorController->run()
#11 C:\xampp\htdocs\archiweb\archiweb\protected\framework\web\CWebApplication.php(141): CWebApplication->runController()
#12 C:\xampp\htdocs\archiweb\archiweb\protected\framework\base\CApplication.php(185): CWebApplication->processRequest()
#13 C:\xampp\htdocs\archiweb\archiweb\index.php(25): CWebApplication->run()
REQUEST_URI=/archiweb/archiweb/index.php/administrador/admin
in C:\xampp\htdocs\archiweb\archiweb\protected\controllers\AdministradorController.php (121)
in C:\xampp\htdocs\archiweb\archiweb\index.php (25)
2020/10/09 21:54:52 [error] [php] include(Cedulon.php): failed to open stream: No such file or directory (C:\xampp\htdocs\archiweb\archiweb\protected\framework\YiiBase.php:463)
Stack trace:
#0 C:\xampp\htdocs\archiweb\archiweb\protected\controllers\AdministradorController.php(121): spl_autoload_call()
#1 C:\xampp\htdocs\archiweb\archiweb\protected\framework\web\actions\CInlineAction.php(49): AdministradorController->actionAdmin()
#2 C:\xampp\htdocs\archiweb\archiweb\protected\framework\web\CController.php(308): CInlineAction->runWithParams()
#3 C:\xampp\htdocs\archiweb\archiweb\protected\framework\web\filters\CFilterChain.php(134): AdministradorController->runAction()
#4 C:\xampp\htdocs\archiweb\archiweb\protected\framework\web\filters\CFilter.php(40): CFilterChain->run()
#5 C:\xampp\htdocs\archiweb\archiweb\protected\framework\web\CController.php(1148): CAccessControlFilter->filter()
#6 C:\xampp\htdocs\archiweb\archiweb\protected\framework\web\filters\CInlineFilter.php(58): AdministradorController->filterAccessControl()
#7 C:\xampp\htdocs\archiweb\archiweb\protected\framework\web\filters\CFilterChain.php(131): CInlineFilter->filter()
#8 C:\xampp\htdocs\archiweb\archiweb\protected\framework\web\CController.php(291): CFilterChain->run()
#9 C:\xampp\htdocs\archiweb\archiweb\protected\framework\web\CController.php(265): AdministradorController->runActionWithFilters()
#10 C:\xampp\htdocs\archiweb\archiweb\protected\framework\web\CWebApplication.php(282): AdministradorController->run()
#11 C:\xampp\htdocs\archiweb\archiweb\protected\framework\web\CWebApplication.php(141): CWebApplication->runController()
#12 C:\xampp\htdocs\archiweb\archiweb\protected\framework\base\CApplication.php(185): CWebApplication->processRequest()
#13 C:\xampp\htdocs\archiweb\archiweb\index.php(25): CWebApplication->run()
REQUEST_URI=/archiweb/archiweb/index.php/administrador/admin
in C:\xampp\htdocs\archiweb\archiweb\protected\controllers\AdministradorController.php (121)
in C:\xampp\htdocs\archiweb\archiweb\index.php (25)
2020/10/09 21:54:54 [error] [php] include(Cedulon.php): failed to open stream: No such file or directory (C:\xampp\htdocs\archiweb\archiweb\protected\framework\YiiBase.php:463)
Stack trace:
#0 C:\xampp\htdocs\archiweb\archiweb\protected\controllers\AdministradorController.php(121): spl_autoload_call()
#1 C:\xampp\htdocs\archiweb\archiweb\protected\framework\web\actions\CInlineAction.php(49): AdministradorController->actionAdmin()
#2 C:\xampp\htdocs\archiweb\archiweb\protected\framework\web\CController.php(308): CInlineAction->runWithParams()
#3 C:\xampp\htdocs\archiweb\archiweb\protected\framework\web\filters\CFilterChain.php(134): AdministradorController->runAction()
#4 C:\xampp\htdocs\archiweb\archiweb\protected\framework\web\filters\CFilter.php(40): CFilterChain->run()
#5 C:\xampp\htdocs\archiweb\archiweb\protected\framework\web\CController.php(1148): CAccessControlFilter->filter()
#6 C:\xampp\htdocs\archiweb\archiweb\protected\framework\web\filters\CInlineFilter.php(58): AdministradorController->filterAccessControl()
#7 C:\xampp\htdocs\archiweb\archiweb\protected\framework\web\filters\CFilterChain.php(131): CInlineFilter->filter()
#8 C:\xampp\htdocs\archiweb\archiweb\protected\framework\web\CController.php(291): CFilterChain->run()
#9 C:\xampp\htdocs\archiweb\archiweb\protected\framework\web\CController.php(265): AdministradorController->runActionWithFilters()
#10 C:\xampp\htdocs\archiweb\archiweb\protected\framework\web\CWebApplication.php(282): AdministradorController->run()
#11 C:\xampp\htdocs\archiweb\archiweb\protected\framework\web\CWebApplication.php(141): CWebApplication->runController()
#12 C:\xampp\htdocs\archiweb\archiweb\protected\framework\base\CApplication.php(185): CWebApplication->processRequest()
#13 C:\xampp\htdocs\archiweb\archiweb\index.php(25): CWebApplication->run()
REQUEST_URI=/archiweb/archiweb/index.php/administrador/admin
in C:\xampp\htdocs\archiweb\archiweb\protected\controllers\AdministradorController.php (121)
in C:\xampp\htdocs\archiweb\archiweb\index.php (25)
